Unity Editor version:    2021.3.20f1 (577897200b8b)
Branch:                  2021.3/staging
Build type:              Release
Batch mode:              YES
macOS version:           Version 14.0 (Build 23A344)
Darwin version:          23.0.0
Architecture:            arm64
Running under Rosetta:   NO
Available memory:        8192 MB
Using pre-set license
Pro License: YES

COMMAND LINE ARGUMENTS:
/Applications/Unity/Hub/Editor/2021.3.20f1/Unity.app/Contents/MacOS/Unity
-adb2
-batchMode
-noUpm
-name
AssetImportWorker0
-projectPath
/Users/goddard/Unity Projects/Recusant/Recusant
-logFile
Logs/AssetImportWorker0.log
-srvPort
49339
Successfully changed project path to: /Users/goddard/Unity Projects/Recusant/Recusant
/Users/goddard/Unity Projects/Recusant/Recusant
[UnityMemory] Configuration Parameters - Can be set up in boot.config
    "memorysetup-bucket-allocator-granularity=16"
    "memorysetup-bucket-allocator-bucket-count=8"
    "memorysetup-bucket-allocator-block-size=33554432"
    "memorysetup-bucket-allocator-block-count=8"
    "memorysetup-main-allocator-block-size=16777216"
    "memorysetup-thread-allocator-block-size=16777216"
    "memorysetup-gfx-main-allocator-block-size=16777216"
    "memorysetup-gfx-thread-allocator-block-size=16777216"
    "memorysetup-cache-allocator-block-size=4194304"
    "memorysetup-typetree-allocator-block-size=2097152"
    "memorysetup-profiler-bucket-allocator-granularity=16"
    "memorysetup-profiler-bucket-allocator-bucket-count=8"
    "memorysetup-profiler-bucket-allocator-block-size=33554432"
    "memorysetup-profiler-bucket-allocator-block-count=8"
    "memorysetup-profiler-allocator-block-size=16777216"
    "memorysetup-profiler-editor-allocator-block-size=1048576"
    "memorysetup-temp-allocator-size-main=16777216"
    "memorysetup-job-temp-allocator-block-size=2097152"
    "memorysetup-job-temp-allocator-block-size-background=1048576"
    "memorysetup-job-temp-allocator-reduction-small-platforms=262144"
    "memorysetup-temp-allocator-size-background-worker=32768"
    "memorysetup-temp-allocator-size-job-worker=262144"
    "memorysetup-temp-allocator-size-preload-manager=33554432"
    "memorysetup-temp-allocator-size-nav-mesh-worker=65536"
    "memorysetup-temp-allocator-size-audio-worker=65536"
    "memorysetup-temp-allocator-size-cloud-worker=32768"
    "memorysetup-temp-allocator-size-gi-baking-worker=262144"
    "memorysetup-temp-allocator-size-gfx=262144"
Player connection [8045957888] Host "[IP] 192.168.0.69 [Port] 0 [Flags] 2 [Guid] 1815787368 [EditorId] 1815787368 [Version] 1048832 [Id] OSXEditor(0,Nathans-Mac-mini.local) [Debug] 1 [PackageName] OSXEditor [ProjectName] Editor" joined multi-casting on [225.0.0.222:54997]...

Player connection [8045957888] Host "[IP] 192.168.0.69 [Port] 0 [Flags] 2 [Guid] 1815787368 [EditorId] 1815787368 [Version] 1048832 [Id] OSXEditor(0,Nathans-Mac-mini.local) [Debug] 1 [PackageName] OSXEditor [ProjectName] Editor" joined alternative multi-casting on [225.0.0.222:34997]...

Refreshing native plugins compatible for Editor in 330.33 ms, found 3 plugins.
Preloading 0 native plugins for Editor in 0.00 ms.
Initialize engine version: 2021.3.20f1 (577897200b8b)
[Subsystems] Discovering subsystems at path /Applications/Unity/Hub/Editor/2021.3.20f1/Unity.app/Contents/Resources/UnitySubsystems
[Subsystems] Discovering subsystems at path /Users/goddard/Unity Projects/Recusant/Recusant/Assets
GfxDevice: creating device client; threaded=0; jobified=0
 preferred device: Apple M1 (high power)
Metal devices available: 1
0: Apple M1 (high power)
Using device Apple M1 (high power)
Initializing Metal device caps: Apple M1
Initialize mono
Mono path[0] = '/Applications/Unity/Hub/Editor/2021.3.20f1/Unity.app/Contents/Managed'
Mono path[1] = '/Applications/Unity/Hub/Editor/2021.3.20f1/Unity.app/Contents/MonoBleedingEdge/lib/mono/unityjit-macos'
Mono config path = '/Applications/Unity/Hub/Editor/2021.3.20f1/Unity.app/Contents/MonoBleedingEdge/etc'
Using monoOptions --debugger-agent=transport=dt_socket,embedding=1,server=y,suspend=n,address=127.0.0.1:56791
Begin MonoManager ReloadAssembly
Registering precompiled unity dll's ...
Register platform support module: /Applications/Unity/Hub/Editor/2021.3.20f1/PlaybackEngines/WebGLSupport/UnityEditor.WebGL.Extensions.dll
Register platform support module: /Applications/Unity/Hub/Editor/2021.3.20f1/Unity.app/Contents/PlaybackEngines/MacStandaloneSupport/UnityEditor.OSXStandalone.Extensions.dll
Register platform support module: /Applications/Unity/Hub/Editor/2021.3.20f1/PlaybackEngines/iOSSupport/UnityEditor.iOS.Extensions.dll
Registered in 0.002016 seconds.
[usbmuxd] Start listen thread
[usbmuxd] Listen thread started
[usbmuxd] Send listen message
Native extension for iOS target not found
Native extension for OSXStandalone target not found
Native extension for WebGL target not found
Refreshing native plugins compatible for Editor in 120.66 ms, found 3 plugins.
Preloading 0 native plugins for Editor in 0.00 ms.
Mono: successfully reloaded assembly
- Completed reload, in  0.698 seconds
Domain Reload Profiling:
	ReloadAssembly (698ms)
		BeginReloadAssembly (110ms)
			ExecutionOrderSort (0ms)
			DisableScriptedObjects (0ms)
			BackupInstance (0ms)
			ReleaseScriptingObjects (0ms)
			CreateAndSetChildDomain (1ms)
		EndReloadAssembly (510ms)
			LoadAssemblies (110ms)
			RebuildTransferFunctionScriptingTraits (1ms)
			SetupTypeCache (105ms)
			ReleaseScriptCaches (0ms)
			RebuildScriptCaches (20ms)
			SetupLoadedEditorAssemblies (349ms)
				LogAssemblyErrors (0ms)
				InitializePlatformSupportModulesInManaged (88ms)
				SetLoadedEditorAssemblies (0ms)
				RefreshPlugins (121ms)
				BeforeProcessingInitializeOnLoad (1ms)
				ProcessInitializeOnLoadAttributes (113ms)
				ProcessInitializeOnLoadMethodAttributes (27ms)
				AfterProcessingInitializeOnLoad (0ms)
				EditorAssembliesLoaded (0ms)
			ExecutionOrderSort2 (0ms)
			AwakeInstancesAfterBackupRestoration (0ms)
Platform modules already initialized, skipping
Registering precompiled user dll's ...
Registered in 0.001687 seconds.
Begin MonoManager ReloadAssembly
Symbol file LoadedFromMemory doesn't match image /Users/goddard/Unity Projects/Recusant/Recusant/Library/PackageCache/com.unity.visualscripting@1.8.0/Editor/VisualScripting.Core/Dependencies/YamlDotNet/Unity.VisualScripting.YamlDotNet.dll
Symbol file LoadedFromMemory doesn't match image /Users/goddard/Unity Projects/Recusant/Recusant/Library/PackageCache/com.unity.visualscripting@1.8.0/Editor/VisualScripting.Core/Dependencies/DotNetZip/Unity.VisualScripting.IonicZip.dll
Native extension for iOS target not found
Native extension for OSXStandalone target not found
Native extension for WebGL target not found
Refreshing native plugins compatible for Editor in 115.24 ms, found 3 plugins.
Preloading 0 native plugins for Editor in 0.00 ms.
Mono: successfully reloaded assembly
- Completed reload, in  0.957 seconds
Domain Reload Profiling:
	ReloadAssembly (957ms)
		BeginReloadAssembly (73ms)
			ExecutionOrderSort (0ms)
			DisableScriptedObjects (3ms)
			BackupInstance (0ms)
			ReleaseScriptingObjects (0ms)
			CreateAndSetChildDomain (16ms)
		EndReloadAssembly (822ms)
			LoadAssemblies (83ms)
			RebuildTransferFunctionScriptingTraits (0ms)
			SetupTypeCache (186ms)
			ReleaseScriptCaches (2ms)
			RebuildScriptCaches (49ms)
			SetupLoadedEditorAssemblies (488ms)
				LogAssemblyErrors (0ms)
				InitializePlatformSupportModulesInManaged (13ms)
				SetLoadedEditorAssemblies (0ms)
				RefreshPlugins (115ms)
				BeforeProcessingInitializeOnLoad (83ms)
				ProcessInitializeOnLoadAttributes (222ms)
				ProcessInitializeOnLoadMethodAttributes (55ms)
				AfterProcessingInitializeOnLoad (1ms)
				EditorAssembliesLoaded (0ms)
			ExecutionOrderSort2 (0ms)
			AwakeInstancesAfterBackupRestoration (2ms)
Platform modules already initialized, skipping
========================================================================
Worker process is ready to serve import requests
Launching external process: /Applications/Unity/Hub/Editor/2021.3.20f1/Unity.app/Contents/Tools/UnityShaderCompiler
Launched and connected shader compiler UnityShaderCompiler after 0.26 seconds
Refreshing native plugins compatible for Editor in 0.75 ms, found 3 plugins.
Preloading 0 native plugins for Editor in 0.00 ms.
Unloading 5557 Unused Serialized files (Serialized files now loaded: 0)
Unloading 60 unused Assets / (1.4 MB). Loaded Objects now: 6008.
Memory consumption went from 284.7 MB to 283.3 MB.
Total: 3.907459 ms (FindLiveObjects: 0.234708 ms CreateObjectMapping: 0.084167 ms MarkObjects: 3.230250 ms  DeleteObjects: 0.356417 ms)

AssetImportParameters requested are different than current active one (requested -> active):
  custom:video-decoder-ogg-theora: a1e56fd34408186e4bbccfd4996cb3dc -> 
  custom:container-muxer-webm: aa71ff27fc2769a1b78a27578f13a17b -> 
  custom:container-demuxer-webm: 4f35f7cbe854078d1ac9338744f61a02 -> 
  custom:video-encoder-webm-vp8: eb34c28f22e8b96e1ab97ce403110664 -> 
  custom:framework-osx-AVFoundation: e770b220cccbd017edd2c1fefb359320 -> 
  custom:audio-encoder-webm-vorbis: bf7c407c2cedff20999df2af8eb42d56 -> 
  custom:container-demuxer-ogg: 62fdf1f143b41e24485cea50d1cbac27 -> 
  custom:video-decoder-webm-vp8: 9c59270c3fd7afecdb556c50c9e8de78 -> 
  custom:audio-decoder-ogg-vorbis: bf7c407c2cedff20999df2af8eb42d56 -> 
========================================================================
Received Import Request.
  Time since last request: 3119.997561 seconds.
  path: Assets/Resources/PreFabs/Enemies/Mushroom.prefab
  artifactKey: Guid(5b8b34c47d7df4c2598d9da3946b121c) Importer(815301076,1909f56bfc062723c751e8b465ee728b)
Start importing Assets/Resources/PreFabs/Enemies/Mushroom.prefab using Guid(5b8b34c47d7df4c2598d9da3946b121c) Importer(815301076,1909f56bfc062723c751e8b465ee728b)  -> (artifact id: '9deb465bc46d3485349a81fddd06ecf4') in 0.287236 seconds 
========================================================================
Received Import Request.
  Time since last request: 0.000140 seconds.
  path: Assets/Resources/PreFabs/Enemies/TestingWobble.prefab
  artifactKey: Guid(c3a2f046e5e934430b90cf5649265409) Importer(815301076,1909f56bfc062723c751e8b465ee728b)
Start importing Assets/Resources/PreFabs/Enemies/TestingWobble.prefab using Guid(c3a2f046e5e934430b90cf5649265409) Importer(815301076,1909f56bfc062723c751e8b465ee728b)  -> (artifact id: '870d8c5147dffed33c4cddfacee0b6d3') in 0.024320 seconds 
========================================================================
Received Import Request.
  Time since last request: 0.000081 seconds.
  path: Assets/Resources/PreFabs/Enemies/PlantLarge.prefab
  artifactKey: Guid(df1881ccfd81f4097a288ef986b4a230) Importer(815301076,1909f56bfc062723c751e8b465ee728b)
Start importing Assets/Resources/PreFabs/Enemies/PlantLarge.prefab using Guid(df1881ccfd81f4097a288ef986b4a230) Importer(815301076,1909f56bfc062723c751e8b465ee728b)  -> (artifact id: 'b16d49ceb788dd18b477cdab7362fd0a') in 0.020404 seconds 
========================================================================
Received Import Request.
  Time since last request: 0.000064 seconds.
  path: Assets/Resources/PreFabs/Enemies/PlantMedium.prefab
  artifactKey: Guid(cfd6d4777720d4b3da019aff3c5110d5) Importer(815301076,1909f56bfc062723c751e8b465ee728b)
Start importing Assets/Resources/PreFabs/Enemies/PlantMedium.prefab using Guid(cfd6d4777720d4b3da019aff3c5110d5) Importer(815301076,1909f56bfc062723c751e8b465ee728b)  -> (artifact id: '147c4824bdf43ca3620d93836abc3d81') in 0.021154 seconds 
========================================================================
Received Import Request.
  Time since last request: 0.000145 seconds.
  path: Assets/Resources/PreFabs/Enemies/SlimePuddle.prefab
  artifactKey: Guid(5c7c31d69f9a4422abeb69057b725ea8) Importer(815301076,1909f56bfc062723c751e8b465ee728b)
Start importing Assets/Resources/PreFabs/Enemies/SlimePuddle.prefab using Guid(5c7c31d69f9a4422abeb69057b725ea8) Importer(815301076,1909f56bfc062723c751e8b465ee728b)  -> (artifact id: '43c81954aef64fa246ca329ed6104c7f') in 0.033098 seconds 
========================================================================
Received Import Request.
  Time since last request: 0.000087 seconds.
  path: Assets/Resources/PreFabs/Enemies/Boid.prefab
  artifactKey: Guid(9f43cbbeaad22482e87f496deba1bdd3) Importer(815301076,1909f56bfc062723c751e8b465ee728b)
Start importing Assets/Resources/PreFabs/Enemies/Boid.prefab using Guid(9f43cbbeaad22482e87f496deba1bdd3) Importer(815301076,1909f56bfc062723c751e8b465ee728b)  -> (artifact id: 'dc90ee00995f5751928d780c010f54ee') in 0.027249 seconds 
========================================================================
Received Import Request.
  Time since last request: 0.000065 seconds.
  path: Assets/Resources/PreFabs/Enemies/Blob.prefab
  artifactKey: Guid(6fac2b48962a74165ac13085375eeddb) Importer(815301076,1909f56bfc062723c751e8b465ee728b)
Start importing Assets/Resources/PreFabs/Enemies/Blob.prefab using Guid(6fac2b48962a74165ac13085375eeddb) Importer(815301076,1909f56bfc062723c751e8b465ee728b)  -> (artifact id: '18bfe1f1bbe8386c28023a2a3b952654') in 0.023925 seconds 
========================================================================
Received Import Request.
  Time since last request: 136.837483 seconds.
  path: Assets/Resources/PreFabs/Enemies/Blob.prefab
  artifactKey: Guid(6fac2b48962a74165ac13085375eeddb) Importer(815301076,1909f56bfc062723c751e8b465ee728b)
Start importing Assets/Resources/PreFabs/Enemies/Blob.prefab using Guid(6fac2b48962a74165ac13085375eeddb) Importer(815301076,1909f56bfc062723c751e8b465ee728b)  -> (artifact id: '5f712c48593eb8327b194b7630d12213') in 0.100758 seconds 
========================================================================
Received Import Request.
  Time since last request: 0.001736 seconds.
  path: Assets/Resources/PreFabs/Enemies/Mushroom.prefab
  artifactKey: Guid(5b8b34c47d7df4c2598d9da3946b121c) Importer(815301076,1909f56bfc062723c751e8b465ee728b)
Start importing Assets/Resources/PreFabs/Enemies/Mushroom.prefab using Guid(5b8b34c47d7df4c2598d9da3946b121c) Importer(815301076,1909f56bfc062723c751e8b465ee728b)  -> (artifact id: 'd25aefc5591c3ef3395f59003aae2519') in 0.036095 seconds 
========================================================================
Received Import Request.
  Time since last request: 0.016346 seconds.
  path: Assets/Resources/PreFabs/Enemies/Turtle.prefab
  artifactKey: Guid(46817addb1e6440d1a8305bbec771d8e) Importer(815301076,1909f56bfc062723c751e8b465ee728b)
Start importing Assets/Resources/PreFabs/Enemies/Turtle.prefab using Guid(46817addb1e6440d1a8305bbec771d8e) Importer(815301076,1909f56bfc062723c751e8b465ee728b)  -> (artifact id: 'd8ba2bd0264d892e01b7aca5b6f36b0f') in 0.039324 seconds 
========================================================================
Received Import Request.
  Time since last request: 0.000062 seconds.
  path: Assets/Resources/PreFabs/Enemies/PlantLarge.prefab
  artifactKey: Guid(df1881ccfd81f4097a288ef986b4a230) Importer(815301076,1909f56bfc062723c751e8b465ee728b)
Start importing Assets/Resources/PreFabs/Enemies/PlantLarge.prefab using Guid(df1881ccfd81f4097a288ef986b4a230) Importer(815301076,1909f56bfc062723c751e8b465ee728b)  -> (artifact id: '483a50771e13137ac82d282ba348d34f') in 0.034479 seconds 
========================================================================
Received Import Request.
  Time since last request: 0.000048 seconds.
  path: Assets/Resources/PreFabs/Enemies/Zombie.prefab
  artifactKey: Guid(eceacf3202cff43fc8db24deeffd0425) Importer(815301076,1909f56bfc062723c751e8b465ee728b)
Start importing Assets/Resources/PreFabs/Enemies/Zombie.prefab using Guid(eceacf3202cff43fc8db24deeffd0425) Importer(815301076,1909f56bfc062723c751e8b465ee728b)  -> (artifact id: 'd8646d2b6fe47f7d71a8a7e406658834') in 0.011329 seconds 
========================================================================
Received Import Request.
  Time since last request: 0.000996 seconds.
  path: Assets/Resources/PreFabs/Enemies/SlimePuddle.prefab
  artifactKey: Guid(5c7c31d69f9a4422abeb69057b725ea8) Importer(815301076,1909f56bfc062723c751e8b465ee728b)
Start importing Assets/Resources/PreFabs/Enemies/SlimePuddle.prefab using Guid(5c7c31d69f9a4422abeb69057b725ea8) Importer(815301076,1909f56bfc062723c751e8b465ee728b)  -> (artifact id: '1d95f9afd3d4845f1a4dbf9d6e72c50d') in 0.027417 seconds 
========================================================================
Received Import Request.
  Time since last request: 0.000061 seconds.
  path: Assets/Resources/PreFabs/Enemies/SpiritCluster.prefab
  artifactKey: Guid(025b8ac6314de4be686437e383f41811) Importer(815301076,1909f56bfc062723c751e8b465ee728b)
Start importing Assets/Resources/PreFabs/Enemies/SpiritCluster.prefab using Guid(025b8ac6314de4be686437e383f41811) Importer(815301076,1909f56bfc062723c751e8b465ee728b)  -> (artifact id: '89d74dc3f3b948a9084c9521363ad9c3') in 0.032238 seconds 
========================================================================
Received Import Request.
  Time since last request: 21.408119 seconds.
  path: Assets/Resources/PreFabs/Enemies/Blob.prefab
  artifactKey: Guid(6fac2b48962a74165ac13085375eeddb) Importer(815301076,1909f56bfc062723c751e8b465ee728b)
Start importing Assets/Resources/PreFabs/Enemies/Blob.prefab using Guid(6fac2b48962a74165ac13085375eeddb) Importer(815301076,1909f56bfc062723c751e8b465ee728b)  -> (artifact id: '28a906c6612dfc9b0694cf43fbfa6a05') in 0.096391 seconds 
========================================================================
Received Import Request.
  Time since last request: 0.000445 seconds.
  path: Assets/Resources/PreFabs/Enemies/Mushroom.prefab
  artifactKey: Guid(5b8b34c47d7df4c2598d9da3946b121c) Importer(815301076,1909f56bfc062723c751e8b465ee728b)
Start importing Assets/Resources/PreFabs/Enemies/Mushroom.prefab using Guid(5b8b34c47d7df4c2598d9da3946b121c) Importer(815301076,1909f56bfc062723c751e8b465ee728b)  -> (artifact id: 'f397f20fdfa615aa8800dd6b83d4482d') in 0.027769 seconds 
========================================================================
Received Import Request.
  Time since last request: 0.000065 seconds.
  path: Assets/Resources/PreFabs/Enemies/Turtle.prefab
  artifactKey: Guid(46817addb1e6440d1a8305bbec771d8e) Importer(815301076,1909f56bfc062723c751e8b465ee728b)
Start importing Assets/Resources/PreFabs/Enemies/Turtle.prefab using Guid(46817addb1e6440d1a8305bbec771d8e) Importer(815301076,1909f56bfc062723c751e8b465ee728b)  -> (artifact id: 'bab745497492b8cc47124a1be0d81e3a') in 0.028517 seconds 
========================================================================
Received Import Request.
  Time since last request: 0.000042 seconds.
  path: Assets/Resources/PreFabs/Enemies/PlantLarge.prefab
  artifactKey: Guid(df1881ccfd81f4097a288ef986b4a230) Importer(815301076,1909f56bfc062723c751e8b465ee728b)
Start importing Assets/Resources/PreFabs/Enemies/PlantLarge.prefab using Guid(df1881ccfd81f4097a288ef986b4a230) Importer(815301076,1909f56bfc062723c751e8b465ee728b)  -> (artifact id: 'b55cf29e03c396771fcc1d71a029c141') in 0.020561 seconds 
========================================================================
Received Import Request.
  Time since last request: 0.000041 seconds.
  path: Assets/Resources/PreFabs/Enemies/Zombie.prefab
  artifactKey: Guid(eceacf3202cff43fc8db24deeffd0425) Importer(815301076,1909f56bfc062723c751e8b465ee728b)
Start importing Assets/Resources/PreFabs/Enemies/Zombie.prefab using Guid(eceacf3202cff43fc8db24deeffd0425) Importer(815301076,1909f56bfc062723c751e8b465ee728b)  -> (artifact id: 'f225dbd65b4a6022d51dacaf9d1c8ec4') in 0.008701 seconds 
========================================================================
Received Import Request.
  Time since last request: 0.000065 seconds.
  path: Assets/Resources/PreFabs/Enemies/PlantSmall.prefab
  artifactKey: Guid(833045db6b6594d469e8a0c6c9d63861) Importer(815301076,1909f56bfc062723c751e8b465ee728b)
Start importing Assets/Resources/PreFabs/Enemies/PlantSmall.prefab using Guid(833045db6b6594d469e8a0c6c9d63861) Importer(815301076,1909f56bfc062723c751e8b465ee728b)  -> (artifact id: '4db83fad3d30011f7f59c4a7e666a505') in 0.023982 seconds 
========================================================================
Received Import Request.
  Time since last request: 0.000041 seconds.
  path: Assets/Resources/PreFabs/Enemies/SpiritCluster.prefab
  artifactKey: Guid(025b8ac6314de4be686437e383f41811) Importer(815301076,1909f56bfc062723c751e8b465ee728b)
Start importing Assets/Resources/PreFabs/Enemies/SpiritCluster.prefab using Guid(025b8ac6314de4be686437e383f41811) Importer(815301076,1909f56bfc062723c751e8b465ee728b)  -> (artifact id: '9f45ae80565753220be94610a99a6d43') in 0.031332 seconds 
========================================================================
Received Prepare
Registering precompiled user dll's ...
Registered in 0.001563 seconds.
Begin MonoManager ReloadAssembly
Thread 0x2bc98b000 may have been prematurely finalized
Symbol file LoadedFromMemory doesn't match image /Users/goddard/Unity Projects/Recusant/Recusant/Library/PackageCache/com.unity.visualscripting@1.8.0/Editor/VisualScripting.Core/Dependencies/YamlDotNet/Unity.VisualScripting.YamlDotNet.dll
Symbol file LoadedFromMemory doesn't match image /Users/goddard/Unity Projects/Recusant/Recusant/Library/PackageCache/com.unity.visualscripting@1.8.0/Editor/VisualScripting.Core/Dependencies/DotNetZip/Unity.VisualScripting.IonicZip.dll
Native extension for iOS target not found
Native extension for OSXStandalone target not found
Native extension for WebGL target not found
Refreshing native plugins compatible for Editor in 1.05 ms, found 3 plugins.
Preloading 0 native plugins for Editor in 0.00 ms.
Mono: successfully reloaded assembly
- Completed reload, in  0.785 seconds
Domain Reload Profiling:
	ReloadAssembly (785ms)
		BeginReloadAssembly (135ms)
			ExecutionOrderSort (0ms)
			DisableScriptedObjects (7ms)
			BackupInstance (0ms)
			ReleaseScriptingObjects (0ms)
			CreateAndSetChildDomain (64ms)
		EndReloadAssembly (595ms)
			LoadAssemblies (44ms)
			RebuildTransferFunctionScriptingTraits (0ms)
			SetupTypeCache (182ms)
			ReleaseScriptCaches (2ms)
			RebuildScriptCaches (38ms)
			SetupLoadedEditorAssemblies (284ms)
				LogAssemblyErrors (0ms)
				InitializePlatformSupportModulesInManaged (17ms)
				SetLoadedEditorAssemblies (0ms)
				RefreshPlugins (1ms)
				BeforeProcessingInitializeOnLoad (57ms)
				ProcessInitializeOnLoadAttributes (164ms)
				ProcessInitializeOnLoadMethodAttributes (44ms)
				AfterProcessingInitializeOnLoad (1ms)
				EditorAssembliesLoaded (0ms)
			ExecutionOrderSort2 (0ms)
			AwakeInstancesAfterBackupRestoration (6ms)
Platform modules already initialized, skipping
Refreshing native plugins compatible for Editor in 1.37 ms, found 3 plugins.
Preloading 0 native plugins for Editor in 0.00 ms.
Unloading 5424 Unused Serialized files (Serialized files now loaded: 0)
Unloading 36 unused Assets / (0.8 MB). Loaded Objects now: 6075.
Memory consumption went from 284.8 MB to 284.0 MB.
Total: 3.154416 ms (FindLiveObjects: 0.219750 ms CreateObjectMapping: 0.126750 ms MarkObjects: 2.548416 ms  DeleteObjects: 0.258708 ms)

AssetImportParameters requested are different than current active one (requested -> active):
  custom:video-decoder-ogg-theora: a1e56fd34408186e4bbccfd4996cb3dc -> 
  custom:container-muxer-webm: aa71ff27fc2769a1b78a27578f13a17b -> 
  custom:container-demuxer-webm: 4f35f7cbe854078d1ac9338744f61a02 -> 
  custom:video-encoder-webm-vp8: eb34c28f22e8b96e1ab97ce403110664 -> 
  custom:framework-osx-AVFoundation: e770b220cccbd017edd2c1fefb359320 -> 
  custom:audio-encoder-webm-vorbis: bf7c407c2cedff20999df2af8eb42d56 -> 
  custom:container-demuxer-ogg: 62fdf1f143b41e24485cea50d1cbac27 -> 
  custom:video-decoder-webm-vp8: 9c59270c3fd7afecdb556c50c9e8de78 -> 
  custom:audio-decoder-ogg-vorbis: bf7c407c2cedff20999df2af8eb42d56 -> 
========================================================================
Received Import Request.
  Time since last request: 582.761983 seconds.
  path: Assets/Resources/PreFabs/Enemies/IceSnake.prefab
  artifactKey: Guid(ce70eefa612284acc91364afd0d59cac) Importer(815301076,1909f56bfc062723c751e8b465ee728b)
Start importing Assets/Resources/PreFabs/Enemies/IceSnake.prefab using Guid(ce70eefa612284acc91364afd0d59cac) Importer(815301076,1909f56bfc062723c751e8b465ee728b)  -> (artifact id: 'd83314c2f3f29c2af5201e75fd4afca4') in 0.115219 seconds 
========================================================================
Received Import Request.
  Time since last request: 0.000058 seconds.
  path: Assets/Resources/PreFabs/Enemies/TestingWobble.prefab
  artifactKey: Guid(c3a2f046e5e934430b90cf5649265409) Importer(815301076,1909f56bfc062723c751e8b465ee728b)
Start importing Assets/Resources/PreFabs/Enemies/TestingWobble.prefab using Guid(c3a2f046e5e934430b90cf5649265409) Importer(815301076,1909f56bfc062723c751e8b465ee728b)  -> (artifact id: '3903b3c1e6e77cb5f180d927779089d5') in 0.036471 seconds 
========================================================================
Received Import Request.
  Time since last request: 0.000099 seconds.
  path: Assets/Resources/PreFabs/Enemies/Sasqets.prefab
  artifactKey: Guid(923b4ee47322f4b3cb6357ebf8e5effa) Importer(815301076,1909f56bfc062723c751e8b465ee728b)
Start importing Assets/Resources/PreFabs/Enemies/Sasqets.prefab using Guid(923b4ee47322f4b3cb6357ebf8e5effa) Importer(815301076,1909f56bfc062723c751e8b465ee728b)  -> (artifact id: '8b85592bd5e67b0eec1c58192e2f518d') in 0.023583 seconds 
========================================================================
Received Import Request.
  Time since last request: 0.000039 seconds.
  path: Assets/Resources/PreFabs/Enemies/PlantMedium.prefab
  artifactKey: Guid(cfd6d4777720d4b3da019aff3c5110d5) Importer(815301076,1909f56bfc062723c751e8b465ee728b)
Start importing Assets/Resources/PreFabs/Enemies/PlantMedium.prefab using Guid(cfd6d4777720d4b3da019aff3c5110d5) Importer(815301076,1909f56bfc062723c751e8b465ee728b)  -> (artifact id: '41b33181d409a01c81b18bce3df925e6') in 0.021403 seconds 
========================================================================
Received Import Request.
  Time since last request: 0.000041 seconds.
  path: Assets/Resources/PreFabs/Enemies/SlimePuddle.prefab
  artifactKey: Guid(5c7c31d69f9a4422abeb69057b725ea8) Importer(815301076,1909f56bfc062723c751e8b465ee728b)
Start importing Assets/Resources/PreFabs/Enemies/SlimePuddle.prefab using Guid(5c7c31d69f9a4422abeb69057b725ea8) Importer(815301076,1909f56bfc062723c751e8b465ee728b)  -> (artifact id: '9fec8d850eaf5d01ff0152641ad46fb1') in 0.018266 seconds 
========================================================================
Received Import Request.
  Time since last request: 0.000041 seconds.
  path: Assets/Resources/PreFabs/Enemies/SpiritCluster.prefab
  artifactKey: Guid(025b8ac6314de4be686437e383f41811) Importer(815301076,1909f56bfc062723c751e8b465ee728b)
Start importing Assets/Resources/PreFabs/Enemies/SpiritCluster.prefab using Guid(025b8ac6314de4be686437e383f41811) Importer(815301076,1909f56bfc062723c751e8b465ee728b)  -> (artifact id: 'bc582ed4599915885ba93a10797d4f9a') in 0.028370 seconds 
========================================================================
Received Import Request.
  Time since last request: 0.000056 seconds.
  path: Assets/Resources/PreFabs/Enemies/Blob.prefab
  artifactKey: Guid(6fac2b48962a74165ac13085375eeddb) Importer(815301076,1909f56bfc062723c751e8b465ee728b)
Start importing Assets/Resources/PreFabs/Enemies/Blob.prefab using Guid(6fac2b48962a74165ac13085375eeddb) Importer(815301076,1909f56bfc062723c751e8b465ee728b)  -> (artifact id: '7cda4ef3e460eaf9522b201f59677ca7') in 0.020345 seconds 
========================================================================
Received Prepare
Registering precompiled user dll's ...
Registered in 0.002043 seconds.
Begin MonoManager ReloadAssembly
Thread 0x17e77b000 may have been prematurely finalized
Symbol file LoadedFromMemory doesn't match image /Users/goddard/Unity Projects/Recusant/Recusant/Library/PackageCache/com.unity.visualscripting@1.8.0/Editor/VisualScripting.Core/Dependencies/YamlDotNet/Unity.VisualScripting.YamlDotNet.dll
Symbol file LoadedFromMemory doesn't match image /Users/goddard/Unity Projects/Recusant/Recusant/Library/PackageCache/com.unity.visualscripting@1.8.0/Editor/VisualScripting.Core/Dependencies/DotNetZip/Unity.VisualScripting.IonicZip.dll
Native extension for iOS target not found
Native extension for OSXStandalone target not found
Native extension for WebGL target not found
Refreshing native plugins compatible for Editor in 0.90 ms, found 3 plugins.
Preloading 0 native plugins for Editor in 0.00 ms.
Mono: successfully reloaded assembly
- Completed reload, in  0.816 seconds
Domain Reload Profiling:
	ReloadAssembly (817ms)
		BeginReloadAssembly (106ms)
			ExecutionOrderSort (0ms)
			DisableScriptedObjects (6ms)
			BackupInstance (0ms)
			ReleaseScriptingObjects (0ms)
			CreateAndSetChildDomain (47ms)
		EndReloadAssembly (655ms)
			LoadAssemblies (42ms)
			RebuildTransferFunctionScriptingTraits (0ms)
			SetupTypeCache (204ms)
			ReleaseScriptCaches (2ms)
			RebuildScriptCaches (39ms)
			SetupLoadedEditorAssemblies (323ms)
				LogAssemblyErrors (0ms)
				InitializePlatformSupportModulesInManaged (25ms)
				SetLoadedEditorAssemblies (1ms)
				RefreshPlugins (1ms)
				BeforeProcessingInitializeOnLoad (58ms)
				ProcessInitializeOnLoadAttributes (186ms)
				ProcessInitializeOnLoadMethodAttributes (51ms)
				AfterProcessingInitializeOnLoad (1ms)
				EditorAssembliesLoaded (0ms)
			ExecutionOrderSort2 (0ms)
			AwakeInstancesAfterBackupRestoration (7ms)
Platform modules already initialized, skipping
Refreshing native plugins compatible for Editor in 1.24 ms, found 3 plugins.
Preloading 0 native plugins for Editor in 0.00 ms.
Unloading 5424 Unused Serialized files (Serialized files now loaded: 0)
Unloading 36 unused Assets / (0.8 MB). Loaded Objects now: 6131.
Memory consumption went from 285.1 MB to 284.2 MB.
Total: 4.456125 ms (FindLiveObjects: 0.313875 ms CreateObjectMapping: 0.068416 ms MarkObjects: 3.592209 ms  DeleteObjects: 0.481125 ms)

AssetImportParameters requested are different than current active one (requested -> active):
  custom:video-decoder-ogg-theora: a1e56fd34408186e4bbccfd4996cb3dc -> 
  custom:container-muxer-webm: aa71ff27fc2769a1b78a27578f13a17b -> 
  custom:container-demuxer-webm: 4f35f7cbe854078d1ac9338744f61a02 -> 
  custom:video-encoder-webm-vp8: eb34c28f22e8b96e1ab97ce403110664 -> 
  custom:framework-osx-AVFoundation: e770b220cccbd017edd2c1fefb359320 -> 
  custom:audio-encoder-webm-vorbis: bf7c407c2cedff20999df2af8eb42d56 -> 
  custom:container-demuxer-ogg: 62fdf1f143b41e24485cea50d1cbac27 -> 
  custom:video-decoder-webm-vp8: 9c59270c3fd7afecdb556c50c9e8de78 -> 
  custom:audio-decoder-ogg-vorbis: bf7c407c2cedff20999df2af8eb42d56 -> 
========================================================================
Received Import Request.
  Time since last request: 4.983387 seconds.
  path: Assets/Resources/PreFabs/Enemies/Mushroom.prefab
  artifactKey: Guid(5b8b34c47d7df4c2598d9da3946b121c) Importer(815301076,1909f56bfc062723c751e8b465ee728b)
Start importing Assets/Resources/PreFabs/Enemies/Mushroom.prefab using Guid(5b8b34c47d7df4c2598d9da3946b121c) Importer(815301076,1909f56bfc062723c751e8b465ee728b)  -> (artifact id: '665c4b2f700e4ea4850d7029435cec00') in 0.112116 seconds 
========================================================================
Received Prepare
Registering precompiled user dll's ...
Registered in 0.003611 seconds.
Begin MonoManager ReloadAssembly
Thread 0x17e77b000 may have been prematurely finalized
Symbol file LoadedFromMemory doesn't match image /Users/goddard/Unity Projects/Recusant/Recusant/Library/PackageCache/com.unity.visualscripting@1.8.0/Editor/VisualScripting.Core/Dependencies/YamlDotNet/Unity.VisualScripting.YamlDotNet.dll
Symbol file LoadedFromMemory doesn't match image /Users/goddard/Unity Projects/Recusant/Recusant/Library/PackageCache/com.unity.visualscripting@1.8.0/Editor/VisualScripting.Core/Dependencies/DotNetZip/Unity.VisualScripting.IonicZip.dll
Native extension for iOS target not found
Native extension for OSXStandalone target not found
Native extension for WebGL target not found
Refreshing native plugins compatible for Editor in 3.67 ms, found 3 plugins.
Preloading 0 native plugins for Editor in 0.00 ms.
Mono: successfully reloaded assembly
- Completed reload, in  0.892 seconds
Domain Reload Profiling:
	ReloadAssembly (893ms)
		BeginReloadAssembly (177ms)
			ExecutionOrderSort (0ms)
			DisableScriptedObjects (25ms)
			BackupInstance (0ms)
			ReleaseScriptingObjects (0ms)
			CreateAndSetChildDomain (79ms)
		EndReloadAssembly (656ms)
			LoadAssemblies (60ms)
			RebuildTransferFunctionScriptingTraits (1ms)
			SetupTypeCache (207ms)
			ReleaseScriptCaches (8ms)
			RebuildScriptCaches (41ms)
			SetupLoadedEditorAssemblies (305ms)
				LogAssemblyErrors (0ms)
				InitializePlatformSupportModulesInManaged (16ms)
				SetLoadedEditorAssemblies (0ms)
				RefreshPlugins (4ms)
				BeforeProcessingInitializeOnLoad (60ms)
				ProcessInitializeOnLoadAttributes (178ms)
				ProcessInitializeOnLoadMethodAttributes (46ms)
				AfterProcessingInitializeOnLoad (2ms)
				EditorAssembliesLoaded (0ms)
			ExecutionOrderSort2 (0ms)
			AwakeInstancesAfterBackupRestoration (7ms)
Platform modules already initialized, skipping
Refreshing native plugins compatible for Editor in 1.26 ms, found 3 plugins.
Preloading 0 native plugins for Editor in 0.00 ms.
Unloading 5424 Unused Serialized files (Serialized files now loaded: 0)
Unloading 36 unused Assets / (0.8 MB). Loaded Objects now: 6187.
Memory consumption went from 285.2 MB to 284.4 MB.
Total: 3.194417 ms (FindLiveObjects: 0.234084 ms CreateObjectMapping: 0.124291 ms MarkObjects: 2.529750 ms  DeleteObjects: 0.305875 ms)

AssetImportParameters requested are different than current active one (requested -> active):
  custom:video-decoder-ogg-theora: a1e56fd34408186e4bbccfd4996cb3dc -> 
  custom:container-muxer-webm: aa71ff27fc2769a1b78a27578f13a17b -> 
  custom:container-demuxer-webm: 4f35f7cbe854078d1ac9338744f61a02 -> 
  custom:video-encoder-webm-vp8: eb34c28f22e8b96e1ab97ce403110664 -> 
  custom:framework-osx-AVFoundation: e770b220cccbd017edd2c1fefb359320 -> 
  custom:audio-encoder-webm-vorbis: bf7c407c2cedff20999df2af8eb42d56 -> 
  custom:container-demuxer-ogg: 62fdf1f143b41e24485cea50d1cbac27 -> 
  custom:video-decoder-webm-vp8: 9c59270c3fd7afecdb556c50c9e8de78 -> 
  custom:audio-decoder-ogg-vorbis: bf7c407c2cedff20999df2af8eb42d56 -> 
========================================================================
Received Prepare
Registering precompiled user dll's ...
Registered in 0.001804 seconds.
Begin MonoManager ReloadAssembly
Thread 0x17e77b000 may have been prematurely finalized
Symbol file LoadedFromMemory doesn't match image /Users/goddard/Unity Projects/Recusant/Recusant/Library/PackageCache/com.unity.visualscripting@1.8.0/Editor/VisualScripting.Core/Dependencies/YamlDotNet/Unity.VisualScripting.YamlDotNet.dll
Symbol file LoadedFromMemory doesn't match image /Users/goddard/Unity Projects/Recusant/Recusant/Library/PackageCache/com.unity.visualscripting@1.8.0/Editor/VisualScripting.Core/Dependencies/DotNetZip/Unity.VisualScripting.IonicZip.dll
Native extension for iOS target not found
Native extension for OSXStandalone target not found
Native extension for WebGL target not found
Refreshing native plugins compatible for Editor in 2.77 ms, found 3 plugins.
Preloading 0 native plugins for Editor in 0.00 ms.
Mono: successfully reloaded assembly
- Completed reload, in  0.850 seconds
Domain Reload Profiling:
	ReloadAssembly (851ms)
		BeginReloadAssembly (96ms)
			ExecutionOrderSort (0ms)
			DisableScriptedObjects (6ms)
			BackupInstance (0ms)
			ReleaseScriptingObjects (0ms)
			CreateAndSetChildDomain (42ms)
		EndReloadAssembly (698ms)
			LoadAssemblies (43ms)
			RebuildTransferFunctionScriptingTraits (0ms)
			SetupTypeCache (181ms)
			ReleaseScriptCaches (2ms)
			RebuildScriptCaches (45ms)
			SetupLoadedEditorAssemblies (363ms)
				LogAssemblyErrors (0ms)
				InitializePlatformSupportModulesInManaged (26ms)
				SetLoadedEditorAssemblies (1ms)
				RefreshPlugins (3ms)
				BeforeProcessingInitializeOnLoad (65ms)
				ProcessInitializeOnLoadAttributes (207ms)
				ProcessInitializeOnLoadMethodAttributes (60ms)
				AfterProcessingInitializeOnLoad (1ms)
				EditorAssembliesLoaded (0ms)
			ExecutionOrderSort2 (0ms)
			AwakeInstancesAfterBackupRestoration (8ms)
Platform modules already initialized, skipping
Refreshing native plugins compatible for Editor in 1.27 ms, found 3 plugins.
Preloading 0 native plugins for Editor in 0.00 ms.
Unloading 5425 Unused Serialized files (Serialized files now loaded: 0)
Unloading 35 unused Assets / (0.8 MB). Loaded Objects now: 6202.
Memory consumption went from 285.3 MB to 284.4 MB.
Total: 3.911250 ms (FindLiveObjects: 0.331708 ms CreateObjectMapping: 0.111792 ms MarkObjects: 3.135958 ms  DeleteObjects: 0.331042 ms)

AssetImportParameters requested are different than current active one (requested -> active):
  custom:video-decoder-ogg-theora: a1e56fd34408186e4bbccfd4996cb3dc -> 
  custom:container-muxer-webm: aa71ff27fc2769a1b78a27578f13a17b -> 
  custom:container-demuxer-webm: 4f35f7cbe854078d1ac9338744f61a02 -> 
  custom:video-encoder-webm-vp8: eb34c28f22e8b96e1ab97ce403110664 -> 
  custom:framework-osx-AVFoundation: e770b220cccbd017edd2c1fefb359320 -> 
  custom:audio-encoder-webm-vorbis: bf7c407c2cedff20999df2af8eb42d56 -> 
  custom:container-demuxer-ogg: 62fdf1f143b41e24485cea50d1cbac27 -> 
  custom:video-decoder-webm-vp8: 9c59270c3fd7afecdb556c50c9e8de78 -> 
  custom:audio-decoder-ogg-vorbis: bf7c407c2cedff20999df2af8eb42d56 -> 
